{"name": "cart page total cannot be decreased by invalid coupon code", "status": "failed", "statusDetails": {"message": "AssertionError: The image shows the text 'XYZ' in a coupon code field, but there is no red message indicating that the coupon code 'XYZ' does not exist. Therefore, the statement is false.\n", "trace": "  File \"/opt/hostedtoolcache/Python/3.11.12/x64/lib/python3.11/site-packages/behave/model.py\", line 1329, in run\n    match.run(runner.context)\n  File \"/opt/hostedtoolcache/Python/3.11.12/x64/lib/python3.11/site-packages/behave/matchers.py\", line 98, in run\n    self.func(context, *args, **kwargs)\n  File \"features/steps/common.py\", line 36, in step_impl\n    al.check(condition, vision=True)\n  File \"/opt/hostedtoolcache/Python/3.11.12/x64/lib/python3.11/site-packages/alumnium/alumni.py\", line 103, in check\n    assert result.value, result.explanation\n           ^^^^^^^^^^^^\n"}, "steps": [{"name": "Given I am on the home page", "status": "passed", "start": 1750700628350, "stop": 1750700630034}, {"name": "When \"I click on 'Add to cart' button of product 'Album'\"", "status": "passed", "start": 1750700630034, "stop": 1750700631251}, {"name": "And I click on the 'View cart' button", "status": "passed", "start": 1750700631251, "stop": 1750700632788}, {"name": "When \"I enter 'XYZ' as coupon code and press 'Apply coupon'\"", "status": "passed", "start": 1750700632789, "stop": 1750700634766}, {"name": "Then I see that \"a red message says that coupon code 'XYZ' does not exist\"", "status": "failed", "statusDetails": {"message": "AssertionError: The image shows the text 'XYZ' in a coupon code field, but there is no red message indicating that the coupon code 'XYZ' does not exist. Therefore, the statement is false.\n", "trace": "  File \"/opt/hostedtoolcache/Python/3.11.12/x64/lib/python3.11/site-packages/behave/model.py\", line 1329, in run\n    match.run(runner.context)\n  File \"/opt/hostedtoolcache/Python/3.11.12/x64/lib/python3.11/site-packages/behave/matchers.py\", line 98, in run\n    self.func(context, *args, **kwargs)\n  File \"features/steps/common.py\", line 36, in step_impl\n    al.check(condition, vision=True)\n  File \"/opt/hostedtoolcache/Python/3.11.12/x64/lib/python3.11/site-packages/alumnium/alumni.py\", line 103, in check\n    assert result.value, result.explanation\n           ^^^^^^^^^^^^\n"}, "start": 1750700634766, "stop": 1750700637176}, {"name": "And \"the total price is 15.00 EUR\"", "status": "skipped", "start": 1750700642444, "stop": 1750700642444}], "attachments": [{"name": "Screenshot", "source": "04ed9930-c0c7-439f-9a9e-765f511d4d94-attachment.png", "type": "image/png"}, {"name": "Playwright Trace", "source": "c7499bc0-380c-4309-86f1-84dfcc540a13-attachment.attach"}, {"name": "Video", "source": "213617c8-1aba-428e-884b-33c335ca3519-attachment.webm", "type": "video/webm"}], "start": 1750700628207, "stop": 1750700642444, "uuid": "aa6756eb-f326-42c4-96be-fcf51e17a7a1", "historyId": "b7f1bb9d94ba16e76a61ef680adf0374", "fullName": "cart page: cart page total cannot be decreased by invalid coupon code", "labels": [{"name": "severity", "value": "normal"}, {"name": "feature", "value": "cart page"}, {"name": "framework", "value": "behave"}, {"name": "language", "value": "cpython3"}]}