{"name": "cart page total cannot be decreased by invalid coupon code", "status": "failed", "statusDetails": {"message": "AssertionError: The image shows the text 'XYZ' in a coupon code field, but there is no red message indicating that the coupon code 'XYZ' does not exist. Therefore, the statement is false.\n", "trace": "  File \"/opt/hostedtoolcache/Python/3.11.12/x64/lib/python3.11/site-packages/behave/model.py\", line 1329, in run\n    match.run(runner.context)\n  File \"/opt/hostedtoolcache/Python/3.11.12/x64/lib/python3.11/site-packages/behave/matchers.py\", line 98, in run\n    self.func(context, *args, **kwargs)\n  File \"features/steps/common.py\", line 36, in step_impl\n    al.check(condition, vision=True)\n  File \"/opt/hostedtoolcache/Python/3.11.12/x64/lib/python3.11/site-packages/alumnium/alumni.py\", line 103, in check\n    assert result.value, result.explanation\n           ^^^^^^^^^^^^\n"}, "steps": [{"name": "Given I am on the home page", "status": "passed", "start": 1750703661558, "stop": 1750703663526}, {"name": "When \"I click on 'Add to cart' button of product 'Album'\"", "status": "passed", "start": 1750703663526, "stop": 1750703664812}, {"name": "And I click on the 'View cart' button", "status": "passed", "start": 1750703664812, "stop": 1750703666378}, {"name": "When \"I enter 'XYZ' as coupon code and press 'Apply coupon'\"", "status": "passed", "start": 1750703666378, "stop": 1750703669476}, {"name": "Then I see that \"a red message says that coupon code 'XYZ' does not exist\"", "status": "failed", "statusDetails": {"message": "AssertionError: The image shows the text 'XYZ' in a coupon code field, but there is no red message indicating that the coupon code 'XYZ' does not exist. Therefore, the statement is false.\n", "trace": "  File \"/opt/hostedtoolcache/Python/3.11.12/x64/lib/python3.11/site-packages/behave/model.py\", line 1329, in run\n    match.run(runner.context)\n  File \"/opt/hostedtoolcache/Python/3.11.12/x64/lib/python3.11/site-packages/behave/matchers.py\", line 98, in run\n    self.func(context, *args, **kwargs)\n  File \"features/steps/common.py\", line 36, in step_impl\n    al.check(condition, vision=True)\n  File \"/opt/hostedtoolcache/Python/3.11.12/x64/lib/python3.11/site-packages/alumnium/alumni.py\", line 103, in check\n    assert result.value, result.explanation\n           ^^^^^^^^^^^^\n"}, "start": 1750703669476, "stop": 1750703670123}, {"name": "And \"the total price is 15.00 EUR\"", "status": "skipped", "start": 1750703675388, "stop": 1750703675388}], "attachments": [{"name": "Screenshot", "source": "726ecacb-29dc-4f0c-b6c2-133de89dfa0e-attachment.png", "type": "image/png"}, {"name": "Playwright Trace", "source": "82d179ec-24ab-42bd-9675-027f86c46526-attachment.attach"}, {"name": "Video", "source": "15bd9cad-7249-45bf-b266-afec1c9463ea-attachment.webm", "type": "video/webm"}], "start": 1750703661418, "stop": 1750703675388, "uuid": "535a8113-0dca-47eb-9a1a-8615ea89bf0f", "historyId": "b7f1bb9d94ba16e76a61ef680adf0374", "fullName": "cart page: cart page total cannot be decreased by invalid coupon code", "labels": [{"name": "severity", "value": "normal"}, {"name": "feature", "value": "cart page"}, {"name": "framework", "value": "behave"}, {"name": "language", "value": "cpython3"}]}