{"name": "cart page total cannot be decreased by invalid coupon code", "status": "failed", "statusDetails": {"message": "AssertionError: The image shows the text 'XYZ' in a coupon code field, but there is no red message indicating that the coupon code 'XYZ' does not exist. Therefore, the statement is false.\n", "trace": "  File \"/opt/hostedtoolcache/Python/3.11.12/x64/lib/python3.11/site-packages/behave/model.py\", line 1329, in run\n    match.run(runner.context)\n  File \"/opt/hostedtoolcache/Python/3.11.12/x64/lib/python3.11/site-packages/behave/matchers.py\", line 98, in run\n    self.func(context, *args, **kwargs)\n  File \"features/steps/common.py\", line 36, in step_impl\n    al.check(condition, vision=True)\n  File \"/opt/hostedtoolcache/Python/3.11.12/x64/lib/python3.11/site-packages/alumnium/alumni.py\", line 103, in check\n    assert result.value, result.explanation\n           ^^^^^^^^^^^^\n"}, "steps": [{"name": "Given I am on the home page", "status": "passed", "start": 1750613955762, "stop": 1750613957149}, {"name": "When \"I click on 'Add to cart' button of product 'Album'\"", "status": "passed", "start": 1750613957149, "stop": 1750613958350}, {"name": "And I click on the 'View cart' button", "status": "passed", "start": 1750613958351, "stop": 1750613959860}, {"name": "When \"I enter 'XYZ' as coupon code and press 'Apply coupon'\"", "status": "passed", "start": 1750613959860, "stop": 1750613990656}, {"name": "Then I see that \"a red message says that coupon code 'XYZ' does not exist\"", "status": "failed", "statusDetails": {"message": "AssertionError: The image shows the text 'XYZ' in a coupon code field, but there is no red message indicating that the coupon code 'XYZ' does not exist. Therefore, the statement is false.\n", "trace": "  File \"/opt/hostedtoolcache/Python/3.11.12/x64/lib/python3.11/site-packages/behave/model.py\", line 1329, in run\n    match.run(runner.context)\n  File \"/opt/hostedtoolcache/Python/3.11.12/x64/lib/python3.11/site-packages/behave/matchers.py\", line 98, in run\n    self.func(context, *args, **kwargs)\n  File \"features/steps/common.py\", line 36, in step_impl\n    al.check(condition, vision=True)\n  File \"/opt/hostedtoolcache/Python/3.11.12/x64/lib/python3.11/site-packages/alumnium/alumni.py\", line 103, in check\n    assert result.value, result.explanation\n           ^^^^^^^^^^^^\n"}, "start": 1750613990656, "stop": 1750613992700}, {"name": "And \"the total price is 15.00 EUR\"", "status": "skipped", "start": 1750613992942, "stop": 1750613992942}], "attachments": [{"name": "Screenshot", "source": "c5c3f890-f45d-42ac-a524-c709f25c589e-attachment.png", "type": "image/png"}, {"name": "Playwright Trace", "source": "f0052104-9c76-4add-9074-cb2045b4ba50-attachment.attach"}, {"name": "Video", "source": "2f52daab-0477-4c08-a70d-e7de93e95f2e-attachment.webm", "type": "video/webm"}], "start": 1750613955624, "stop": 1750613992942, "uuid": "8aef34c0-7e89-4151-8bad-5cd219002c4b", "historyId": "b7f1bb9d94ba16e76a61ef680adf0374", "fullName": "cart page: cart page total cannot be decreased by invalid coupon code", "labels": [{"name": "severity", "value": "normal"}, {"name": "feature", "value": "cart page"}, {"name": "framework", "value": "behave"}, {"name": "language", "value": "cpython3"}]}