{"name": "cart page total cannot be decreased by invalid coupon code", "status": "failed", "statusDetails": {"message": "AssertionError: The image shows the text 'XYZ' in a coupon code field, but there is no red message indicating that the coupon code 'XYZ' does not exist. Therefore, the statement is false.\n", "trace": "  File \"/opt/hostedtoolcache/Python/3.11.12/x64/lib/python3.11/site-packages/behave/model.py\", line 1329, in run\n    match.run(runner.context)\n  File \"/opt/hostedtoolcache/Python/3.11.12/x64/lib/python3.11/site-packages/behave/matchers.py\", line 98, in run\n    self.func(context, *args, **kwargs)\n  File \"features/steps/common.py\", line 36, in step_impl\n    al.check(condition, vision=True)\n  File \"/opt/hostedtoolcache/Python/3.11.12/x64/lib/python3.11/site-packages/alumnium/alumni.py\", line 103, in check\n    assert result.value, result.explanation\n           ^^^^^^^^^^^^\n"}, "steps": [{"name": "Given I am on the home page", "status": "passed", "start": 1750721263713, "stop": 1750721265185}, {"name": "When \"I click on 'Add to cart' button of product 'Album'\"", "status": "passed", "start": 1750721265185, "stop": 1750721266468}, {"name": "And I click on the 'View cart' button", "status": "passed", "start": 1750721266468, "stop": 1750721267990}, {"name": "When \"I enter 'XYZ' as coupon code and press 'Apply coupon'\"", "status": "passed", "start": 1750721267990, "stop": 1750721269913}, {"name": "Then I see that \"a red message says that coupon code 'XYZ' does not exist\"", "status": "failed", "statusDetails": {"message": "AssertionError: The image shows the text 'XYZ' in a coupon code field, but there is no red message indicating that the coupon code 'XYZ' does not exist. Therefore, the statement is false.\n", "trace": "  File \"/opt/hostedtoolcache/Python/3.11.12/x64/lib/python3.11/site-packages/behave/model.py\", line 1329, in run\n    match.run(runner.context)\n  File \"/opt/hostedtoolcache/Python/3.11.12/x64/lib/python3.11/site-packages/behave/matchers.py\", line 98, in run\n    self.func(context, *args, **kwargs)\n  File \"features/steps/common.py\", line 36, in step_impl\n    al.check(condition, vision=True)\n  File \"/opt/hostedtoolcache/Python/3.11.12/x64/lib/python3.11/site-packages/alumnium/alumni.py\", line 103, in check\n    assert result.value, result.explanation\n           ^^^^^^^^^^^^\n"}, "start": 1750721269913, "stop": 1750721272129}, {"name": "And \"the total price is 15.00 EUR\"", "status": "skipped", "start": 1750721284421, "stop": 1750721284421}], "attachments": [{"name": "Screenshot", "source": "e9812b56-6f17-4181-94bf-bf8d1abe467b-attachment.png", "type": "image/png"}, {"name": "Playwright Trace", "source": "34240c48-56f1-4fe7-8799-61b12388d2e7-attachment.attach"}, {"name": "Video", "source": "27fe5e3c-97d8-47d6-9326-1c95d28dc5cd-attachment.webm", "type": "video/webm"}, {"name": "Video", "source": "ecd05aa5-6555-4d7b-9db7-bc1c1078bab0-attachment.webm", "type": "video/webm"}], "start": 1750721263570, "stop": 1750721284421, "uuid": "b9f4843d-8d52-445f-9c04-425889a44895", "historyId": "b7f1bb9d94ba16e76a61ef680adf0374", "fullName": "cart page: cart page total cannot be decreased by invalid coupon code", "labels": [{"name": "severity", "value": "normal"}, {"name": "feature", "value": "cart page"}, {"name": "framework", "value": "behave"}, {"name": "language", "value": "cpython3"}]}