{"name": "cart page total cannot be decreased by invalid coupon code", "status": "failed", "statusDetails": {"message": "AssertionError: The image shows the text 'XYZ' in a coupon code field, but there is no red message indicating that the coupon code 'XYZ' does not exist. Therefore, the statement is false.\n", "trace": "  File \"/opt/hostedtoolcache/Python/3.11.12/x64/lib/python3.11/site-packages/behave/model.py\", line 1329, in run\n    match.run(runner.context)\n  File \"/opt/hostedtoolcache/Python/3.11.12/x64/lib/python3.11/site-packages/behave/matchers.py\", line 98, in run\n    self.func(context, *args, **kwargs)\n  File \"features/steps/common.py\", line 36, in step_impl\n    al.check(condition, vision=True)\n  File \"/opt/hostedtoolcache/Python/3.11.12/x64/lib/python3.11/site-packages/alumnium/alumni.py\", line 103, in check\n    assert result.value, result.explanation\n           ^^^^^^^^^^^^\n"}, "steps": [{"name": "Given I am on the home page", "status": "passed", "start": 1750707082542, "stop": 1750707083946}, {"name": "When \"I click on 'Add to cart' button of product 'Album'\"", "status": "passed", "start": 1750707083946, "stop": 1750707085165}, {"name": "And I click on the 'View cart' button", "status": "passed", "start": 1750707085165, "stop": 1750707086642}, {"name": "When \"I enter 'XYZ' as coupon code and press 'Apply coupon'\"", "status": "passed", "start": 1750707086643, "stop": 1750707088816}, {"name": "Then I see that \"a red message says that coupon code 'XYZ' does not exist\"", "status": "failed", "statusDetails": {"message": "AssertionError: The image shows the text 'XYZ' in a coupon code field, but there is no red message indicating that the coupon code 'XYZ' does not exist. Therefore, the statement is false.\n", "trace": "  File \"/opt/hostedtoolcache/Python/3.11.12/x64/lib/python3.11/site-packages/behave/model.py\", line 1329, in run\n    match.run(runner.context)\n  File \"/opt/hostedtoolcache/Python/3.11.12/x64/lib/python3.11/site-packages/behave/matchers.py\", line 98, in run\n    self.func(context, *args, **kwargs)\n  File \"features/steps/common.py\", line 36, in step_impl\n    al.check(condition, vision=True)\n  File \"/opt/hostedtoolcache/Python/3.11.12/x64/lib/python3.11/site-packages/alumnium/alumni.py\", line 103, in check\n    assert result.value, result.explanation\n           ^^^^^^^^^^^^\n"}, "start": 1750707088816, "stop": 1750707089458}, {"name": "And \"the total price is 15.00 EUR\"", "status": "skipped", "start": 1750707094727, "stop": 1750707094727}], "attachments": [{"name": "Screenshot", "source": "c1e02e94-977f-4da1-8c18-ba3dd8977512-attachment.png", "type": "image/png"}, {"name": "Playwright Trace", "source": "a8ef5be5-90ce-4e3d-bd7f-2ed473ffc10f-attachment.attach"}, {"name": "Video", "source": "f15bff38-6c9d-4540-a3d2-1aabb09af68b-attachment.webm", "type": "video/webm"}], "start": 1750707082402, "stop": 1750707094727, "uuid": "62886fce-3c17-4118-ba4d-605d60cbe3c6", "historyId": "b7f1bb9d94ba16e76a61ef680adf0374", "fullName": "cart page: cart page total cannot be decreased by invalid coupon code", "labels": [{"name": "severity", "value": "normal"}, {"name": "feature", "value": "cart page"}, {"name": "framework", "value": "behave"}, {"name": "language", "value": "cpython3"}]}