{"uid":"9feedb0260d94550","name":"cart page total cannot be decreased by invalid coupon code","fullName":"cart page: cart page total cannot be decreased by invalid coupon code","historyId":"b7f1bb9d94ba16e76a61ef680adf0374","time":{"start":1750520644237,"stop":1750520659125,"duration":14888},"status":"failed","statusMessage":"AssertionError: The image shows the text 'XYZ' in a coupon code field, but there is no red message indicating that the coupon code 'XYZ' does not exist. Therefore, the statement is false.\n","statusTrace":"  File \"/opt/hostedtoolcache/Python/3.11.12/x64/lib/python3.11/site-packages/behave/model.py\", line 1329, in run\n    match.run(runner.context)\n  File \"/opt/hostedtoolcache/Python/3.11.12/x64/lib/python3.11/site-packages/behave/matchers.py\", line 98, in run\n    self.func(context, *args, **kwargs)\n  File \"features/steps/common.py\", line 36, in step_impl\n    al.check(condition, vision=True)\n  File \"/opt/hostedtoolcache/Python/3.11.12/x64/lib/python3.11/site-packages/alumnium/alumni.py\", line 103, in check\n    assert result.value, result.explanation\n           ^^^^^^^^^^^^\n","flaky":false,"newFailed":false,"newBroken":false,"newPassed":false,"retriesCount":0,"retriesStatusChange":false,"beforeStages":[],"testStage":{"status":"failed","statusMessage":"AssertionError: The image shows the text 'XYZ' in a coupon code field, but there is no red message indicating that the coupon code 'XYZ' does not exist. Therefore, the statement is false.\n","statusTrace":"  File \"/opt/hostedtoolcache/Python/3.11.12/x64/lib/python3.11/site-packages/behave/model.py\", line 1329, in run\n    match.run(runner.context)\n  File \"/opt/hostedtoolcache/Python/3.11.12/x64/lib/python3.11/site-packages/behave/matchers.py\", line 98, in run\n    self.func(context, *args, **kwargs)\n  File \"features/steps/common.py\", line 36, in step_impl\n    al.check(condition, vision=True)\n  File \"/opt/hostedtoolcache/Python/3.11.12/x64/lib/python3.11/site-packages/alumnium/alumni.py\", line 103, in check\n    assert result.value, result.explanation\n           ^^^^^^^^^^^^\n","steps":[{"name":"Given I am on the home page","time":{"start":1750520644376,"stop":1750520646063,"duration":1687},"status":"passed","steps":[],"attachments":[],"parameters":[],"shouldDisplayMessage":false,"stepsCount":0,"attachmentsCount":0,"hasContent":false,"attachmentStep":false},{"name":"When \"I click on 'Add to cart' button of product 'Album'\"","time":{"start":1750520646063,"stop":1750520647368,"duration":1305},"status":"passed","steps":[],"attachments":[],"parameters":[],"shouldDisplayMessage":false,"stepsCount":0,"attachmentsCount":0,"hasContent":false,"attachmentStep":false},{"name":"And I click on the 'View cart' button","time":{"start":1750520647368,"stop":1750520648894,"duration":1526},"status":"passed","steps":[],"attachments":[],"parameters":[],"shouldDisplayMessage":false,"stepsCount":0,"attachmentsCount":0,"hasContent":false,"attachmentStep":false},{"name":"When \"I enter 'XYZ' as coupon code and press 'Apply coupon'\"","time":{"start":1750520648894,"stop":1750520651332,"duration":2438},"status":"passed","steps":[],"attachments":[],"parameters":[],"shouldDisplayMessage":false,"stepsCount":0,"attachmentsCount":0,"hasContent":false,"attachmentStep":false},{"name":"Then I see that \"a red message says that coupon code 'XYZ' does not exist\"","time":{"start":1750520651332,"stop":1750520653852,"duration":2520},"status":"failed","statusMessage":"AssertionError: The image shows the text 'XYZ' in a coupon code field, but there is no red message indicating that the coupon code 'XYZ' does not exist. Therefore, the statement is false.\n","statusTrace":"  File \"/opt/hostedtoolcache/Python/3.11.12/x64/lib/python3.11/site-packages/behave/model.py\", line 1329, in run\n    match.run(runner.context)\n  File \"/opt/hostedtoolcache/Python/3.11.12/x64/lib/python3.11/site-packages/behave/matchers.py\", line 98, in run\n    self.func(context, *args, **kwargs)\n  File \"features/steps/common.py\", line 36, in step_impl\n    al.check(condition, vision=True)\n  File \"/opt/hostedtoolcache/Python/3.11.12/x64/lib/python3.11/site-packages/alumnium/alumni.py\", line 103, in check\n    assert result.value, result.explanation\n           ^^^^^^^^^^^^\n","steps":[],"attachments":[],"parameters":[],"shouldDisplayMessage":true,"stepsCount":0,"attachmentsCount":0,"hasContent":true,"attachmentStep":false},{"name":"And \"the total price is 15.00 EUR\"","time":{"start":1750520659125,"stop":1750520659125,"duration":0},"status":"skipped","steps":[],"attachments":[],"parameters":[],"shouldDisplayMessage":false,"stepsCount":0,"attachmentsCount":0,"hasContent":false,"attachmentStep":false}],"attachments":[{"uid":"c1880e7b0313abcd","name":"Screenshot","source":"c1880e7b0313abcd.png","type":"image/png","size":46741},{"uid":"2f94fff7f6199dcd","name":"Playwright Trace","source":"2f94fff7f6199dcd.attach","type":"application/zip","size":1473662},{"uid":"182bce40722b4336","name":"Video","source":"182bce40722b4336.webm","type":"video/webm","size":0}],"parameters":[],"shouldDisplayMessage":false,"stepsCount":6,"attachmentsCount":3,"hasContent":true,"attachmentStep":false},"afterStages":[],"labels":[{"name":"severity","value":"normal"},{"name":"feature","value":"cart page"},{"name":"framework","value":"behave"},{"name":"language","value":"cpython3"},{"name":"resultFormat","value":"allure2"}],"parameters":[],"links":[],"hidden":false,"retry":false,"extra":{"severity":"normal","retries":[],"categories":[{"name":"Product defects","matchedStatuses":[]}],"tags":[]},"source":"9feedb0260d94550.json","parameterValues":[]}