{"uid":"d3b4d63e666369c5","name":"cart page total cannot be decreased by invalid coupon code","fullName":"cart page: cart page total cannot be decreased by invalid coupon code","historyId":"b7f1bb9d94ba16e76a61ef680adf0374","time":{"start":1750447307640,"stop":1750447322111,"duration":14471},"status":"failed","statusMessage":"AssertionError: The image shows the text 'XYZ' in a coupon code field, but there is no red message indicating that the coupon code 'XYZ' does not exist. Therefore, the statement is false.\n","statusTrace":"  File \"/opt/hostedtoolcache/Python/3.11.12/x64/lib/python3.11/site-packages/behave/model.py\", line 1329, in run\n    match.run(runner.context)\n  File \"/opt/hostedtoolcache/Python/3.11.12/x64/lib/python3.11/site-packages/behave/matchers.py\", line 98, in run\n    self.func(context, *args, **kwargs)\n  File \"features/steps/common.py\", line 36, in step_impl\n    al.check(condition, vision=True)\n  File \"/opt/hostedtoolcache/Python/3.11.12/x64/lib/python3.11/site-packages/alumnium/alumni.py\", line 103, in check\n    assert result.value, result.explanation\n           ^^^^^^^^^^^^\n","flaky":false,"newFailed":false,"newBroken":false,"newPassed":false,"retriesCount":0,"retriesStatusChange":false,"beforeStages":[],"testStage":{"status":"failed","statusMessage":"AssertionError: The image shows the text 'XYZ' in a coupon code field, but there is no red message indicating that the coupon code 'XYZ' does not exist. Therefore, the statement is false.\n","statusTrace":"  File \"/opt/hostedtoolcache/Python/3.11.12/x64/lib/python3.11/site-packages/behave/model.py\", line 1329, in run\n    match.run(runner.context)\n  File \"/opt/hostedtoolcache/Python/3.11.12/x64/lib/python3.11/site-packages/behave/matchers.py\", line 98, in run\n    self.func(context, *args, **kwargs)\n  File \"features/steps/common.py\", line 36, in step_impl\n    al.check(condition, vision=True)\n  File \"/opt/hostedtoolcache/Python/3.11.12/x64/lib/python3.11/site-packages/alumnium/alumni.py\", line 103, in check\n    assert result.value, result.explanation\n           ^^^^^^^^^^^^\n","steps":[{"name":"Given I am on the home page","time":{"start":1750447307780,"stop":1750447309236,"duration":1456},"status":"passed","steps":[],"attachments":[],"parameters":[],"shouldDisplayMessage":false,"stepsCount":0,"attachmentsCount":0,"hasContent":false,"attachmentStep":false},{"name":"When \"I click on 'Add to cart' button of product 'Album'\"","time":{"start":1750447309236,"stop":1750447310419,"duration":1183},"status":"passed","steps":[],"attachments":[],"parameters":[],"shouldDisplayMessage":false,"stepsCount":0,"attachmentsCount":0,"hasContent":false,"attachmentStep":false},{"name":"And I click on the 'View cart' button","time":{"start":1750447310420,"stop":1750447312021,"duration":1601},"status":"passed","steps":[],"attachments":[],"parameters":[],"shouldDisplayMessage":false,"stepsCount":0,"attachmentsCount":0,"hasContent":false,"attachmentStep":false},{"name":"When \"I enter 'XYZ' as coupon code and press 'Apply coupon'\"","time":{"start":1750447312021,"stop":1750447314449,"duration":2428},"status":"passed","steps":[],"attachments":[],"parameters":[],"shouldDisplayMessage":false,"stepsCount":0,"attachmentsCount":0,"hasContent":false,"attachmentStep":false},{"name":"Then I see that \"a red message says that coupon code 'XYZ' does not exist\"","time":{"start":1750447314449,"stop":1750447316836,"duration":2387},"status":"failed","statusMessage":"AssertionError: The image shows the text 'XYZ' in a coupon code field, but there is no red message indicating that the coupon code 'XYZ' does not exist. Therefore, the statement is false.\n","statusTrace":"  File \"/opt/hostedtoolcache/Python/3.11.12/x64/lib/python3.11/site-packages/behave/model.py\", line 1329, in run\n    match.run(runner.context)\n  File \"/opt/hostedtoolcache/Python/3.11.12/x64/lib/python3.11/site-packages/behave/matchers.py\", line 98, in run\n    self.func(context, *args, **kwargs)\n  File \"features/steps/common.py\", line 36, in step_impl\n    al.check(condition, vision=True)\n  File \"/opt/hostedtoolcache/Python/3.11.12/x64/lib/python3.11/site-packages/alumnium/alumni.py\", line 103, in check\n    assert result.value, result.explanation\n           ^^^^^^^^^^^^\n","steps":[],"attachments":[],"parameters":[],"shouldDisplayMessage":true,"stepsCount":0,"attachmentsCount":0,"hasContent":true,"attachmentStep":false},{"name":"And \"the total price is 15.00 EUR\"","time":{"start":1750447322111,"stop":1750447322111,"duration":0},"status":"skipped","steps":[],"attachments":[],"parameters":[],"shouldDisplayMessage":false,"stepsCount":0,"attachmentsCount":0,"hasContent":false,"attachmentStep":false}],"attachments":[{"uid":"1b33419fe1972e3f","name":"Screenshot","source":"1b33419fe1972e3f.png","type":"image/png","size":46741},{"uid":"5c810c8041a2e75","name":"Playwright Trace","source":"5c810c8041a2e75.attach","type":"application/zip","size":1432453},{"uid":"954d39ed792ed063","name":"Video","source":"954d39ed792ed063.webm","type":"video/webm","size":0}],"parameters":[],"shouldDisplayMessage":false,"stepsCount":6,"attachmentsCount":3,"hasContent":true,"attachmentStep":false},"afterStages":[],"labels":[{"name":"severity","value":"normal"},{"name":"feature","value":"cart page"},{"name":"framework","value":"behave"},{"name":"language","value":"cpython3"},{"name":"resultFormat","value":"allure2"}],"parameters":[],"links":[],"hidden":false,"retry":false,"extra":{"severity":"normal","retries":[],"categories":[{"name":"Product defects","matchedStatuses":[]}],"tags":[]},"source":"d3b4d63e666369c5.json","parameterValues":[]}