{"uid":"d782225235bcdae","name":"cart page total cannot be decreased by invalid coupon code","fullName":"cart page: cart page total cannot be decreased by invalid coupon code","historyId":"b7f1bb9d94ba16e76a61ef680adf0374","time":{"start":1750448265819,"stop":1750448280233,"duration":14414},"status":"failed","statusMessage":"AssertionError: The image shows the text 'XYZ' in a coupon code field, but there is no red message indicating that the coupon code 'XYZ' does not exist. Therefore, the statement is false.\n","statusTrace":"  File \"/opt/hostedtoolcache/Python/3.11.12/x64/lib/python3.11/site-packages/behave/model.py\", line 1329, in run\n    match.run(runner.context)\n  File \"/opt/hostedtoolcache/Python/3.11.12/x64/lib/python3.11/site-packages/behave/matchers.py\", line 98, in run\n    self.func(context, *args, **kwargs)\n  File \"features/steps/common.py\", line 36, in step_impl\n    al.check(condition, vision=True)\n  File \"/opt/hostedtoolcache/Python/3.11.12/x64/lib/python3.11/site-packages/alumnium/alumni.py\", line 103, in check\n    assert result.value, result.explanation\n           ^^^^^^^^^^^^\n","flaky":false,"newFailed":false,"newBroken":false,"newPassed":false,"retriesCount":0,"retriesStatusChange":false,"beforeStages":[],"testStage":{"status":"failed","statusMessage":"AssertionError: The image shows the text 'XYZ' in a coupon code field, but there is no red message indicating that the coupon code 'XYZ' does not exist. Therefore, the statement is false.\n","statusTrace":"  File \"/opt/hostedtoolcache/Python/3.11.12/x64/lib/python3.11/site-packages/behave/model.py\", line 1329, in run\n    match.run(runner.context)\n  File \"/opt/hostedtoolcache/Python/3.11.12/x64/lib/python3.11/site-packages/behave/matchers.py\", line 98, in run\n    self.func(context, *args, **kwargs)\n  File \"features/steps/common.py\", line 36, in step_impl\n    al.check(condition, vision=True)\n  File \"/opt/hostedtoolcache/Python/3.11.12/x64/lib/python3.11/site-packages/alumnium/alumni.py\", line 103, in check\n    assert result.value, result.explanation\n           ^^^^^^^^^^^^\n","steps":[{"name":"Given I am on the home page","time":{"start":1750448265957,"stop":1750448267600,"duration":1643},"status":"passed","steps":[],"attachments":[],"parameters":[],"shouldDisplayMessage":false,"stepsCount":0,"attachmentsCount":0,"hasContent":false,"attachmentStep":false},{"name":"When \"I click on 'Add to cart' button of product 'Album'\"","time":{"start":1750448267600,"stop":1750448268798,"duration":1198},"status":"passed","steps":[],"attachments":[],"parameters":[],"shouldDisplayMessage":false,"stepsCount":0,"attachmentsCount":0,"hasContent":false,"attachmentStep":false},{"name":"And I click on the 'View cart' button","time":{"start":1750448268798,"stop":1750448270306,"duration":1508},"status":"passed","steps":[],"attachments":[],"parameters":[],"shouldDisplayMessage":false,"stepsCount":0,"attachmentsCount":0,"hasContent":false,"attachmentStep":false},{"name":"When \"I enter 'XYZ' as coupon code and press 'Apply coupon'\"","time":{"start":1750448270306,"stop":1750448272773,"duration":2467},"status":"passed","steps":[],"attachments":[],"parameters":[],"shouldDisplayMessage":false,"stepsCount":0,"attachmentsCount":0,"hasContent":false,"attachmentStep":false},{"name":"Then I see that \"a red message says that coupon code 'XYZ' does not exist\"","time":{"start":1750448272773,"stop":1750448274944,"duration":2171},"status":"failed","statusMessage":"AssertionError: The image shows the text 'XYZ' in a coupon code field, but there is no red message indicating that the coupon code 'XYZ' does not exist. Therefore, the statement is false.\n","statusTrace":"  File \"/opt/hostedtoolcache/Python/3.11.12/x64/lib/python3.11/site-packages/behave/model.py\", line 1329, in run\n    match.run(runner.context)\n  File \"/opt/hostedtoolcache/Python/3.11.12/x64/lib/python3.11/site-packages/behave/matchers.py\", line 98, in run\n    self.func(context, *args, **kwargs)\n  File \"features/steps/common.py\", line 36, in step_impl\n    al.check(condition, vision=True)\n  File \"/opt/hostedtoolcache/Python/3.11.12/x64/lib/python3.11/site-packages/alumnium/alumni.py\", line 103, in check\n    assert result.value, result.explanation\n           ^^^^^^^^^^^^\n","steps":[],"attachments":[],"parameters":[],"shouldDisplayMessage":true,"stepsCount":0,"attachmentsCount":0,"hasContent":true,"attachmentStep":false},{"name":"And \"the total price is 15.00 EUR\"","time":{"start":1750448280233,"stop":1750448280233,"duration":0},"status":"skipped","steps":[],"attachments":[],"parameters":[],"shouldDisplayMessage":false,"stepsCount":0,"attachmentsCount":0,"hasContent":false,"attachmentStep":false}],"attachments":[{"uid":"91f904d1d5fdf630","name":"Screenshot","source":"91f904d1d5fdf630.png","type":"image/png","size":46741},{"uid":"5eafa6d281821c5c","name":"Playwright Trace","source":"5eafa6d281821c5c.attach","type":"application/zip","size":1391358},{"uid":"12e42b47289e92f8","name":"Video","source":"12e42b47289e92f8.webm","type":"video/webm","size":0}],"parameters":[],"shouldDisplayMessage":false,"stepsCount":6,"attachmentsCount":3,"hasContent":true,"attachmentStep":false},"afterStages":[],"labels":[{"name":"severity","value":"normal"},{"name":"feature","value":"cart page"},{"name":"framework","value":"behave"},{"name":"language","value":"cpython3"},{"name":"resultFormat","value":"allure2"}],"parameters":[],"links":[],"hidden":false,"retry":false,"extra":{"severity":"normal","retries":[],"categories":[{"name":"Product defects","matchedStatuses":[]}],"tags":[]},"source":"d782225235bcdae.json","parameterValues":[]}